[2.698s] Invoking command in '/home/user/turtlebot3_ws/src/turtlebot3/turtlebot3_teleop': PYTHONPATH=/home/user/turtlebot3_ws/build/turtlebot3_teleop/prefix_override:/home/user/turtlebot3_ws/install/turtlebot3_teleop/lib/python3.10/site-packages:${PYTHONPATH} _=/usr/bin/env /usr/bin/python3 setup.py egg_info --egg-base ../../../build/turtlebot3_teleop build --build-base /home/user/turtlebot3_ws/build/turtlebot3_teleop/build install --record /home/user/turtlebot3_ws/build/turtlebot3_teleop/install.log --single-version-externally-managed
[4.287s] running egg_info
[4.287s] creating ../../../build/turtlebot3_teleop/turtlebot3_teleop.egg-info
[4.289s] writing ../../../build/turtlebot3_teleop/turtlebot3_teleop.egg-info/PKG-INFO
[4.291s] writing dependency_links to ../../../build/turtlebot3_teleop/turtlebot3_teleop.egg-info/dependency_links.txt
[4.291s] writing entry points to ../../../build/turtlebot3_teleop/turtlebot3_teleop.egg-info/entry_points.txt
[4.292s] writing requirements to ../../../build/turtlebot3_teleop/turtlebot3_teleop.egg-info/requires.txt
[4.292s] writing top-level names to ../../../build/turtlebot3_teleop/turtlebot3_teleop.egg-info/top_level.txt
[4.293s] writing manifest file '../../../build/turtlebot3_teleop/turtlebot3_teleop.egg-info/SOURCES.txt'
[4.296s] reading manifest file '../../../build/turtlebot3_teleop/turtlebot3_teleop.egg-info/SOURCES.txt'
[4.298s] writing manifest file '../../../build/turtlebot3_teleop/turtlebot3_teleop.egg-info/SOURCES.txt'
[4.298s] running build
[4.298s] running build_py
[4.298s] creating /home/user/turtlebot3_ws/build/turtlebot3_teleop/build
[4.299s] creating /home/user/turtlebot3_ws/build/turtlebot3_teleop/build/lib
[4.299s] creating /home/user/turtlebot3_ws/build/turtlebot3_teleop/build/lib/turtlebot3_teleop
[4.299s] copying turtlebot3_teleop/__init__.py -> /home/user/turtlebot3_ws/build/turtlebot3_teleop/build/lib/turtlebot3_teleop
[4.299s] creating /home/user/turtlebot3_ws/build/turtlebot3_teleop/build/lib/turtlebot3_teleop/script
[4.299s] copying turtlebot3_teleop/script/teleop_keyboard.py -> /home/user/turtlebot3_ws/build/turtlebot3_teleop/build/lib/turtlebot3_teleop/script
[4.300s] copying turtlebot3_teleop/script/__init__.py -> /home/user/turtlebot3_ws/build/turtlebot3_teleop/build/lib/turtlebot3_teleop/script
[4.300s] running install
[4.304s] running install_lib
[4.306s] creating /home/user/turtlebot3_ws/install/turtlebot3_teleop/lib/python3.10/site-packages/turtlebot3_teleop
[4.306s] creating /home/user/turtlebot3_ws/install/turtlebot3_teleop/lib/python3.10/site-packages/turtlebot3_teleop/script
[4.306s] copying /home/user/turtlebot3_ws/build/turtlebot3_teleop/build/lib/turtlebot3_teleop/script/teleop_keyboard.py -> /home/user/turtlebot3_ws/install/turtlebot3_teleop/lib/python3.10/site-packages/turtlebot3_teleop/script
[4.306s] copying /home/user/turtlebot3_ws/build/turtlebot3_teleop/build/lib/turtlebot3_teleop/script/__init__.py -> /home/user/turtlebot3_ws/install/turtlebot3_teleop/lib/python3.10/site-packages/turtlebot3_teleop/script
[4.306s] copying /home/user/turtlebot3_ws/build/turtlebot3_teleop/build/lib/turtlebot3_teleop/__init__.py -> /home/user/turtlebot3_ws/install/turtlebot3_teleop/lib/python3.10/site-packages/turtlebot3_teleop
[4.307s] byte-compiling /home/user/turtlebot3_ws/install/turtlebot3_teleop/lib/python3.10/site-packages/turtlebot3_teleop/script/teleop_keyboard.py to teleop_keyboard.cpython-310.pyc
[4.307s] /usr/lib/python3/dist-packages/setuptools/command/install.py:34: SetuptoolsDeprecationWarning: setup.py install is deprecated. Use build and pip and other standards-based tools.
[4.308s]   warnings.warn(
[4.318s] byte-compiling /home/user/turtlebot3_ws/install/turtlebot3_teleop/lib/python3.10/site-packages/turtlebot3_teleop/script/__init__.py to __init__.cpython-310.pyc
[4.318s] byte-compiling /home/user/turtlebot3_ws/install/turtlebot3_teleop/lib/python3.10/site-packages/turtlebot3_teleop/__init__.py to __init__.cpython-310.pyc
[4.319s] running install_data
[4.320s] creating /home/user/turtlebot3_ws/install/turtlebot3_teleop/share/ament_index
[4.369s] creating /home/user/turtlebot3_ws/install/turtlebot3_teleop/share/ament_index/resource_index
[4.369s] creating /home/user/turtlebot3_ws/install/turtlebot3_teleop/share/ament_index/resource_index/packages
[4.369s] copying resource/turtlebot3_teleop -> /home/user/turtlebot3_ws/install/turtlebot3_teleop/share/ament_index/resource_index/packages
[4.369s] copying package.xml -> /home/user/turtlebot3_ws/install/turtlebot3_teleop/share/turtlebot3_teleop
[4.371s] running install_egg_info
[4.374s] Copying ../../../build/turtlebot3_teleop/turtlebot3_teleop.egg-info to /home/user/turtlebot3_ws/install/turtlebot3_teleop/lib/python3.10/site-packages/turtlebot3_teleop-2.1.5-py3.10.egg-info
[4.375s] running install_scripts
[4.486s] Installing teleop_keyboard script to /home/user/turtlebot3_ws/install/turtlebot3_teleop/lib/turtlebot3_teleop
[4.487s] writing list of installed files to '/home/user/turtlebot3_ws/build/turtlebot3_teleop/install.log'
[4.581s] Invoked command in '/home/user/turtlebot3_ws/src/turtlebot3/turtlebot3_teleop' returned '0': PYTHONPATH=/home/user/turtlebot3_ws/build/turtlebot3_teleop/prefix_override:/home/user/turtlebot3_ws/install/turtlebot3_teleop/lib/python3.10/site-packages:${PYTHONPATH} _=/usr/bin/env /usr/bin/python3 setup.py egg_info --egg-base ../../../build/turtlebot3_teleop build --build-base /home/user/turtlebot3_ws/build/turtlebot3_teleop/build install --record /home/user/turtlebot3_ws/build/turtlebot3_teleop/install.log --single-version-externally-managed
