[0.116s] Invoking command in '/home/user/turtlebot3_ws/build/turtlebot3_gazebo': CMAKE_PREFIX_PATH=${CMAKE_PREFIX_PATH}:/home/simulations/ros2_sims_ws/install/rclrs_tests:/home/simulations/ros2_sims_ws/install/examples_rclrs_minimal_client_service:/home/simulations/ros2_sims_ws/install/sensor_msgs_py:/home/simulations/ros2_sims_ws/install/examples_rclrs_minimal_pub_sub:/home/simulations/ros2_sims_ws/install/examples_rclrs_message_demo:/home/simulations/ros2_sims_ws/install/rclrs:/home/simulations/ros2_sims_ws/install/rosidl_runtime_rs:/opt/ros/humble _=/usr/bin/env /usr/bin/cmake /home/user/turtlebot3_ws/src/turtlebot3_simulations/turtlebot3_gazebo -DCMAKE_INSTALL_PREFIX=/home/user/turtlebot3_ws/install/turtlebot3_gazebo
[0.871s] -- The C compiler identification is GNU 11.3.0
[1.507s] -- The CXX compiler identification is GNU 11.3.0
[1.555s] -- Detecting C compiler ABI info
[1.965s] -- Detecting C compiler ABI info - done
[1.986s] -- Check for working C compiler: /usr/bin/cc - skipped
[1.987s] -- Detecting C compile features
[1.990s] -- Detecting C compile features - done
[2.004s] -- Detecting CXX compiler ABI info
[2.465s] -- Detecting CXX compiler ABI info - done
[2.480s] -- Check for working CXX compiler: /usr/bin/c++ - skipped
[2.480s] -- Detecting CXX compile features
[2.481s] -- Detecting CXX compile features - done
[2.545s] -- Found ament_cmake: 1.3.4 (/opt/ros/humble/share/ament_cmake/cmake)
[3.755s] -- Found Python3: /usr/bin/python3.10 (found version "3.10.6") found components: Interpreter 
[5.052s] -- Found PkgConfig: /usr/bin/pkg-config (found version "0.29.2") 
[5.055s] [33mCMake Warning (dev) at /usr/share/cmake-3.22/Modules/FindPackageHandleStandardArgs.cmake:438 (message):
[5.055s]   The package name passed to `find_package_handle_standard_args` (PkgConfig)
[5.056s]   does not match the name of the calling package (gazebo).  This can lead to
[5.056s]   problems in calling code that expects `find_package` result variables
[5.056s]   (e.g., `_FOUND`) to follow a certain pattern.
[5.056s] Call Stack (most recent call first):
[5.056s]   /usr/share/cmake-3.22/Modules/FindPkgConfig.cmake:99 (find_package_handle_standard_args)
[5.056s]   /usr/lib/x86_64-linux-gnu/cmake/gazebo/gazebo-config.cmake:72 (include)
[5.056s]   CMakeLists.txt:23 (find_package)
[5.056s] This warning is for project developers.  Use -Wno-dev to suppress it.
[5.057s] [0m
[5.065s] -- Checking for module 'bullet>=2.82'
[5.186s] --   Found bullet, version 3.05
[6.082s] -- Found fcl: /usr/include (found suitable version "0.7.0", minimum required is "0.5.0") 
[6.255s] -- Found assimp: /usr/include (found version "5.2.0") 
[6.516s] -- Found DART: /usr/include (Required is at least version "6.6") found components: dart 
[7.298s] -- Found Boost: /usr/lib/x86_64-linux-gnu/cmake/Boost-1.74.0/BoostConfig.cmake (found suitable version "1.74.0", minimum required is "1.40.0") found components: thread system filesystem program_options regex iostreams date_time 
[7.383s] -- Found Protobuf: /usr/lib/x86_64-linux-gnu/libprotobuf.so (found version "3.12.4") 
[7.422s] -- Looking for ignition-math6 -- found version 6.12.0
[7.524s] -- Searching for dependencies of ignition-math6
[7.531s] -- Looking for OGRE...
[7.532s] -- OGRE_PREFIX_WATCH changed.
[7.544s] -- Checking for module 'OGRE'
[7.580s] --   Found OGRE, version 1.9.0
[7.690s] -- Found Ogre Ghadamon (1.9.0)
[7.728s] -- Found OGRE: optimized;/usr/lib/x86_64-linux-gnu/libOgreMain.so;debug;/usr/lib/x86_64-linux-gnu/libOgreMain.so
[7.750s] -- Looking for OGRE_Paging...
[7.784s] -- Found OGRE_Paging: optimized;/usr/lib/x86_64-linux-gnu/libOgrePaging.so;debug;/usr/lib/x86_64-linux-gnu/libOgrePaging.so
[7.784s] -- Looking for OGRE_Terrain...
[7.800s] -- Found OGRE_Terrain: optimized;/usr/lib/x86_64-linux-gnu/libOgreTerrain.so;debug;/usr/lib/x86_64-linux-gnu/libOgreTerrain.so
[7.800s] -- Looking for OGRE_Property...
[7.818s] -- Found OGRE_Property: optimized;/usr/lib/x86_64-linux-gnu/libOgreProperty.so;debug;/usr/lib/x86_64-linux-gnu/libOgreProperty.so
[7.818s] -- Looking for OGRE_RTShaderSystem...
[7.844s] -- Found OGRE_RTShaderSystem: optimized;/usr/lib/x86_64-linux-gnu/libOgreRTShaderSystem.so;debug;/usr/lib/x86_64-linux-gnu/libOgreRTShaderSystem.so
[7.844s] -- Looking for OGRE_Volume...
[7.879s] -- Found OGRE_Volume: optimized;/usr/lib/x86_64-linux-gnu/libOgreVolume.so;debug;/usr/lib/x86_64-linux-gnu/libOgreVolume.so
[7.879s] -- Looking for OGRE_Overlay...
[7.893s] -- Found OGRE_Overlay: optimized;/usr/lib/x86_64-linux-gnu/libOgreOverlay.so;debug;/usr/lib/x86_64-linux-gnu/libOgreOverlay.so
[8.364s] -- Looking for ignition-math6 -- found version 6.12.0
[8.381s] -- Looking for ignition-transport8 -- found version 8.2.1
[8.382s] -- Searching for dependencies of ignition-transport8
[8.440s] -- Found Protobuf: /usr/lib/x86_64-linux-gnu/libprotobuf.so (found suitable version "3.12.4", minimum required is "3") 
[8.482s] -- Config-file not installed for ZeroMQ -- checking for pkg-config
[8.494s] -- Checking for module 'libzmq >= 4'
[8.561s] --   Found libzmq , version 4.3.4
[8.662s] -- Found ZeroMQ: TRUE (Required is at least version "4") 
[8.678s] -- Checking for module 'uuid'
[8.742s] --   Found uuid, version 2.37.2
[8.822s] -- Found UUID: TRUE  
[8.838s] -- Looking for ignition-msgs5 -- found version 5.8.1
[8.839s] -- Searching for dependencies of ignition-msgs5
[8.896s] -- Looking for ignition-math6 -- found version 6.12.0
[8.915s] -- Checking for module 'tinyxml2'
[8.956s] --   Found tinyxml2, version 9.0.0
[9.071s] -- Looking for ignition-msgs5 -- found version 5.8.1
[9.086s] -- Looking for ignition-common3 -- found version 3.14.0
[9.087s] -- Searching for dependencies of ignition-common3
[9.092s] -- Looking for dlfcn.h - found
[9.095s] -- Looking for libdl - found
[9.097s] -- Found DL: TRUE  
[9.136s] -- Found tinyobjloader: /usr/lib/x86_64-linux-gnu/cmake/tinyobjloader/tinyobjloader-config.cmake (found version "2.0.0") 
[9.144s] -- Searching for <ignition-common3> component [graphics]
[9.164s] -- Looking for ignition-common3-graphics -- found version 3.14.0
[9.165s] -- Searching for dependencies of ignition-common3-graphics
[9.165s] -- Looking for ignition-math6 -- found version 6.12.0
[9.186s] -- Looking for ignition-fuel_tools4 -- found version 4.4.0
[9.187s] -- Searching for dependencies of ignition-fuel_tools4
[9.441s] -- Found CURL: /usr/lib/x86_64-linux-gnu/libcurl.so (found version "7.81.0")  
[9.470s] -- Checking for module 'jsoncpp'
[9.507s] --   Found jsoncpp, version 1.9.5
[9.605s] -- Found JSONCPP: TRUE  
[9.632s] -- Checking for module 'libzip'
[9.682s] --   Found libzip, version 1.7.3
[9.781s] -- Found ZIP: TRUE  
[9.782s] -- Looking for ignition-common3 -- found version 3.14.0
[9.783s] -- Looking for ignition-math6 -- found version 6.12.0
[9.783s] -- Looking for ignition-msgs5 -- found version 5.8.1
[9.836s] -- Found gazebo_ros_pkgs: 3.7.0 (/opt/ros/humble/share/gazebo_ros_pkgs/cmake)
[9.841s] -- Found geometry_msgs: 4.2.3 (/home/simulations/ros2_sims_ws/install/geometry_msgs/share/geometry_msgs/cmake)
[9.995s] -- Found rosidl_generator_c: 3.1.4 (/opt/ros/humble/share/rosidl_generator_c/cmake)
[10.026s] -- Found rosidl_adapter: 3.1.4 (/opt/ros/humble/share/rosidl_adapter/cmake)
[10.066s] -- Found rosidl_generator_cpp: 3.1.4 (/opt/ros/humble/share/rosidl_generator_cpp/cmake)
[10.120s] -- Using all available rosidl_typesupport_c: rosidl_typesupport_fastrtps_c;rosidl_typesupport_introspection_c
[10.197s] -- Using all available rosidl_typesupport_cpp: rosidl_typesupport_fastrtps_cpp;rosidl_typesupport_introspection_cpp
[10.513s] -- Found nav_msgs: 4.2.3 (/home/simulations/ros2_sims_ws/install/nav_msgs/share/nav_msgs/cmake)
[10.730s] -- Found rclcpp: 16.0.4 (/opt/ros/humble/share/rclcpp/cmake)
[11.018s] -- Found rmw_implementation_cmake: 6.1.1 (/opt/ros/humble/share/rmw_implementation_cmake/cmake)
[11.038s] -- Found rmw_fastrtps_cpp: 6.2.2 (/opt/ros/humble/share/rmw_fastrtps_cpp/cmake)
[11.379s] -- Found OpenSSL: /usr/lib/x86_64-linux-gnu/libcrypto.so (found version "3.0.2")  
[11.454s] -- Found FastRTPS: /opt/ros/humble/include  
[11.593s] -- Using RMW implementation 'rmw_fastrtps_cpp' as default
[11.658s] -- Found Threads: TRUE  
[12.023s] -- Found sensor_msgs: 4.2.3 (/home/simulations/ros2_sims_ws/install/sensor_msgs/share/sensor_msgs/cmake)
[12.275s] -- Found tf2: 0.25.2 (/opt/ros/humble/share/tf2/cmake)
[12.493s] -- Configuring done
[12.631s] -- Generating done
[12.634s] -- Build files have been written to: /home/user/turtlebot3_ws/build/turtlebot3_gazebo
[12.671s] Invoked command in '/home/user/turtlebot3_ws/build/turtlebot3_gazebo' returned '0': CMAKE_PREFIX_PATH=${CMAKE_PREFIX_PATH}:/home/simulations/ros2_sims_ws/install/rclrs_tests:/home/simulations/ros2_sims_ws/install/examples_rclrs_minimal_client_service:/home/simulations/ros2_sims_ws/install/sensor_msgs_py:/home/simulations/ros2_sims_ws/install/examples_rclrs_minimal_pub_sub:/home/simulations/ros2_sims_ws/install/examples_rclrs_message_demo:/home/simulations/ros2_sims_ws/install/rclrs:/home/simulations/ros2_sims_ws/install/rosidl_runtime_rs:/opt/ros/humble _=/usr/bin/env /usr/bin/cmake /home/user/turtlebot3_ws/src/turtlebot3_simulations/turtlebot3_gazebo -DCMAKE_INSTALL_PREFIX=/home/user/turtlebot3_ws/install/turtlebot3_gazebo
[12.672s] Invoking command in '/home/user/turtlebot3_ws/build/turtlebot3_gazebo': CMAKE_PREFIX_PATH=${CMAKE_PREFIX_PATH}:/home/simulations/ros2_sims_ws/install/rclrs_tests:/home/simulations/ros2_sims_ws/install/examples_rclrs_minimal_client_service:/home/simulations/ros2_sims_ws/install/sensor_msgs_py:/home/simulations/ros2_sims_ws/install/examples_rclrs_minimal_pub_sub:/home/simulations/ros2_sims_ws/install/examples_rclrs_message_demo:/home/simulations/ros2_sims_ws/install/rclrs:/home/simulations/ros2_sims_ws/install/rosidl_runtime_rs:/opt/ros/humble _=/usr/bin/env /usr/bin/cmake --build /home/user/turtlebot3_ws/build/turtlebot3_gazebo -- -j8 -l8
[12.834s] [ 12%] [32mBuilding CXX object CMakeFiles/turtlebot3_drive.dir/src/turtlebot3_drive.cpp.o[0m
[34.533s] [ 25%] [32m[1mLinking CXX executable turtlebot3_drive[0m
[35.566s] [ 25%] Built target turtlebot3_drive
[35.625s] [ 37%] [32mBuilding CXX object CMakeFiles/obstacles.dir/models/turtlebot3_dqn_world/obstacle_plugin/obstacles.cc.o[0m
[60.032s] [ 50%] [32m[1mLinking CXX shared library libobstacles.so[0m
[60.870s] [ 50%] Built target obstacles
[60.943s] [ 62%] [32mBuilding CXX object CMakeFiles/obstacle2.dir/models/turtlebot3_dqn_world/obstacle_plugin/obstacle2.cc.o[0m
[89.129s] [ 75%] [32m[1mLinking CXX shared library libobstacle2.so[0m
[89.683s] [ 75%] Built target obstacle2
[89.775s] [ 87%] [32mBuilding CXX object CMakeFiles/obstacle1.dir/models/turtlebot3_dqn_world/obstacle_plugin/obstacle1.cc.o[0m
[109.423s] [100%] [32m[1mLinking CXX shared library libobstacle1.so[0m
[109.825s] [100%] Built target obstacle1
[109.849s] Invoked command in '/home/user/turtlebot3_ws/build/turtlebot3_gazebo' returned '0': CMAKE_PREFIX_PATH=${CMAKE_PREFIX_PATH}:/home/simulations/ros2_sims_ws/install/rclrs_tests:/home/simulations/ros2_sims_ws/install/examples_rclrs_minimal_client_service:/home/simulations/ros2_sims_ws/install/sensor_msgs_py:/home/simulations/ros2_sims_ws/install/examples_rclrs_minimal_pub_sub:/home/simulations/ros2_sims_ws/install/examples_rclrs_message_demo:/home/simulations/ros2_sims_ws/install/rclrs:/home/simulations/ros2_sims_ws/install/rosidl_runtime_rs:/opt/ros/humble _=/usr/bin/env /usr/bin/cmake --build /home/user/turtlebot3_ws/build/turtlebot3_gazebo -- -j8 -l8
[110.038s] Invoking command in '/home/user/turtlebot3_ws/build/turtlebot3_gazebo': CMAKE_PREFIX_PATH=${CMAKE_PREFIX_PATH}:/home/simulations/ros2_sims_ws/install/rclrs_tests:/home/simulations/ros2_sims_ws/install/examples_rclrs_minimal_client_service:/home/simulations/ros2_sims_ws/install/sensor_msgs_py:/home/simulations/ros2_sims_ws/install/examples_rclrs_minimal_pub_sub:/home/simulations/ros2_sims_ws/install/examples_rclrs_message_demo:/home/simulations/ros2_sims_ws/install/rclrs:/home/simulations/ros2_sims_ws/install/rosidl_runtime_rs:/opt/ros/humble _=/usr/bin/env /usr/bin/cmake --install /home/user/turtlebot3_ws/build/turtlebot3_gazebo
[110.057s] -- Install configuration: ""
[110.057s] -- Installing: /home/user/turtlebot3_ws/install/turtlebot3_gazebo/lib/turtlebot3_gazebo/turtlebot3_drive
[110.074s] -- Set runtime path of "/home/user/turtlebot3_ws/install/turtlebot3_gazebo/lib/turtlebot3_gazebo/turtlebot3_drive" to ""
[110.074s] -- Installing: /home/user/turtlebot3_ws/install/turtlebot3_gazebo/share/turtlebot3_gazebo//launch
[110.074s] -- Installing: /home/user/turtlebot3_ws/install/turtlebot3_gazebo/share/turtlebot3_gazebo//launch/turtlebot3_dqn_stage2.launch.py
[110.075s] -- Installing: /home/user/turtlebot3_ws/install/turtlebot3_gazebo/share/turtlebot3_gazebo//launch/turtlebot3_house.launch.py
[110.075s] -- Installing: /home/user/turtlebot3_ws/install/turtlebot3_gazebo/share/turtlebot3_gazebo//launch/empty_world.launch.py
[110.076s] -- Installing: /home/user/turtlebot3_ws/install/turtlebot3_gazebo/share/turtlebot3_gazebo//launch/turtlebot3_dqn_stage1.launch.py
[110.076s] -- Installing: /home/user/turtlebot3_ws/install/turtlebot3_gazebo/share/turtlebot3_gazebo//launch/spawn_turtlebot3.launch.py
[110.077s] -- Installing: /home/user/turtlebot3_ws/install/turtlebot3_gazebo/share/turtlebot3_gazebo//launch/robot_state_publisher.launch.py
[110.077s] -- Installing: /home/user/turtlebot3_ws/install/turtlebot3_gazebo/share/turtlebot3_gazebo//launch/turtlebot3_dqn_stage4.launch.py
[110.078s] -- Installing: /home/user/turtlebot3_ws/install/turtlebot3_gazebo/share/turtlebot3_gazebo//launch/turtlebot3_world.launch.py
[110.078s] -- Installing: /home/user/turtlebot3_ws/install/turtlebot3_gazebo/share/turtlebot3_gazebo//launch/turtlebot3_dqn_stage3.launch.py
[110.079s] -- Installing: /home/user/turtlebot3_ws/install/turtlebot3_gazebo/share/turtlebot3_gazebo//models
[110.081s] -- Installing: /home/user/turtlebot3_ws/install/turtlebot3_gazebo/share/turtlebot3_gazebo//models/turtlebot3_dqn_world
[110.082s] -- Installing: /home/user/turtlebot3_ws/install/turtlebot3_gazebo/share/turtlebot3_gazebo//models/turtlebot3_dqn_world/goal_box
[110.082s] -- Installing: /home/user/turtlebot3_ws/install/turtlebot3_gazebo/share/turtlebot3_gazebo//models/turtlebot3_dqn_world/goal_box/model.sdf
[110.082s] -- Installing: /home/user/turtlebot3_ws/install/turtlebot3_gazebo/share/turtlebot3_gazebo//models/turtlebot3_dqn_world/goal_box/model.config
[110.083s] -- Installing: /home/user/turtlebot3_ws/install/turtlebot3_gazebo/share/turtlebot3_gazebo//models/turtlebot3_dqn_world/model.sdf
[110.083s] -- Installing: /home/user/turtlebot3_ws/install/turtlebot3_gazebo/share/turtlebot3_gazebo//models/turtlebot3_dqn_world/obstacle2
[110.084s] -- Installing: /home/user/turtlebot3_ws/install/turtlebot3_gazebo/share/turtlebot3_gazebo//models/turtlebot3_dqn_world/obstacle2/model.sdf
[110.086s] -- Installing: /home/user/turtlebot3_ws/install/turtlebot3_gazebo/share/turtlebot3_gazebo//models/turtlebot3_dqn_world/obstacle2/model.config
[110.086s] -- Installing: /home/user/turtlebot3_ws/install/turtlebot3_gazebo/share/turtlebot3_gazebo//models/turtlebot3_dqn_world/inner_walls
[110.088s] -- Installing: /home/user/turtlebot3_ws/install/turtlebot3_gazebo/share/turtlebot3_gazebo//models/turtlebot3_dqn_world/inner_walls/model.sdf
[110.089s] -- Installing: /home/user/turtlebot3_ws/install/turtlebot3_gazebo/share/turtlebot3_gazebo//models/turtlebot3_dqn_world/inner_walls/model.config
[110.089s] -- Installing: /home/user/turtlebot3_ws/install/turtlebot3_gazebo/share/turtlebot3_gazebo//models/turtlebot3_dqn_world/obstacle_plugin
[110.090s] -- Installing: /home/user/turtlebot3_ws/install/turtlebot3_gazebo/share/turtlebot3_gazebo//models/turtlebot3_dqn_world/obstacle_plugin/obstacle2.cc
[110.090s] -- Installing: /home/user/turtlebot3_ws/install/turtlebot3_gazebo/share/turtlebot3_gazebo//models/turtlebot3_dqn_world/obstacle_plugin/obstacles.cc
[110.091s] -- Installing: /home/user/turtlebot3_ws/install/turtlebot3_gazebo/share/turtlebot3_gazebo//models/turtlebot3_dqn_world/obstacle_plugin/obstacle1.cc
[110.091s] -- Installing: /home/user/turtlebot3_ws/install/turtlebot3_gazebo/share/turtlebot3_gazebo//models/turtlebot3_dqn_world/obstacle_plugin/CMakeLists.txt
[110.092s] -- Installing: /home/user/turtlebot3_ws/install/turtlebot3_gazebo/share/turtlebot3_gazebo//models/turtlebot3_dqn_world/obstacle1
[110.092s] -- Installing: /home/user/turtlebot3_ws/install/turtlebot3_gazebo/share/turtlebot3_gazebo//models/turtlebot3_dqn_world/obstacle1/model.sdf
[110.092s] -- Installing: /home/user/turtlebot3_ws/install/turtlebot3_gazebo/share/turtlebot3_gazebo//models/turtlebot3_dqn_world/obstacle1/model.config
[110.093s] -- Installing: /home/user/turtlebot3_ws/install/turtlebot3_gazebo/share/turtlebot3_gazebo//models/turtlebot3_dqn_world/model.config
[110.093s] -- Installing: /home/user/turtlebot3_ws/install/turtlebot3_gazebo/share/turtlebot3_gazebo//models/turtlebot3_dqn_world/obstacles
[110.094s] -- Installing: /home/user/turtlebot3_ws/install/turtlebot3_gazebo/share/turtlebot3_gazebo//models/turtlebot3_dqn_world/obstacles/model.sdf
[110.094s] -- Installing: /home/user/turtlebot3_ws/install/turtlebot3_gazebo/share/turtlebot3_gazebo//models/turtlebot3_dqn_world/obstacles/model.config
[110.094s] -- Installing: /home/user/turtlebot3_ws/install/turtlebot3_gazebo/share/turtlebot3_gazebo//models/turtlebot3_house
[110.099s] -- Installing: /home/user/turtlebot3_ws/install/turtlebot3_gazebo/share/turtlebot3_gazebo//models/turtlebot3_house/model.sdf
[110.099s] -- Installing: /home/user/turtlebot3_ws/install/turtlebot3_gazebo/share/turtlebot3_gazebo//models/turtlebot3_house/model.config
[110.099s] -- Installing: /home/user/turtlebot3_ws/install/turtlebot3_gazebo/share/turtlebot3_gazebo//models/turtlebot3_common
[110.099s] -- Installing: /home/user/turtlebot3_ws/install/turtlebot3_gazebo/share/turtlebot3_gazebo//models/turtlebot3_common/meshes
[110.099s] -- Installing: /home/user/turtlebot3_ws/install/turtlebot3_gazebo/share/turtlebot3_gazebo//models/turtlebot3_common/meshes/tire.dae
[110.100s] -- Installing: /home/user/turtlebot3_ws/install/turtlebot3_gazebo/share/turtlebot3_gazebo//models/turtlebot3_common/meshes/waffle_base.dae
[110.100s] -- Installing: /home/user/turtlebot3_ws/install/turtlebot3_gazebo/share/turtlebot3_gazebo//models/turtlebot3_common/meshes/r200.dae
[110.100s] -- Installing: /home/user/turtlebot3_ws/install/turtlebot3_gazebo/share/turtlebot3_gazebo//models/turtlebot3_common/meshes/lds.dae
[110.100s] -- Installing: /home/user/turtlebot3_ws/install/turtlebot3_gazebo/share/turtlebot3_gazebo//models/turtlebot3_common/meshes/waffle_pi_base.dae
[110.100s] -- Installing: /home/user/turtlebot3_ws/install/turtlebot3_gazebo/share/turtlebot3_gazebo//models/turtlebot3_common/meshes/burger_base.dae
[110.100s] -- Installing: /home/user/turtlebot3_ws/install/turtlebot3_gazebo/share/turtlebot3_gazebo//models/turtlebot3_common/model.config
[110.100s] -- Installing: /home/user/turtlebot3_ws/install/turtlebot3_gazebo/share/turtlebot3_gazebo//models/turtlebot3_burger
[110.100s] -- Installing: /home/user/turtlebot3_ws/install/turtlebot3_gazebo/share/turtlebot3_gazebo//models/turtlebot3_burger/model.sdf
[110.101s] -- Installing: /home/user/turtlebot3_ws/install/turtlebot3_gazebo/share/turtlebot3_gazebo//models/turtlebot3_burger/model-1_4.sdf
[110.101s] -- Installing: /home/user/turtlebot3_ws/install/turtlebot3_gazebo/share/turtlebot3_gazebo//models/turtlebot3_burger/model.config
[110.101s] -- Installing: /home/user/turtlebot3_ws/install/turtlebot3_gazebo/share/turtlebot3_gazebo//models/turtlebot3_waffle_pi
[110.101s] -- Installing: /home/user/turtlebot3_ws/install/turtlebot3_gazebo/share/turtlebot3_gazebo//models/turtlebot3_waffle_pi/model-1_4_.sdf
[110.101s] -- Installing: /home/user/turtlebot3_ws/install/turtlebot3_gazebo/share/turtlebot3_gazebo//models/turtlebot3_waffle_pi/model.sdf
[110.101s] -- Installing: /home/user/turtlebot3_ws/install/turtlebot3_gazebo/share/turtlebot3_gazebo//models/turtlebot3_waffle_pi/model.config
[110.107s] -- Installing: /home/user/turtlebot3_ws/install/turtlebot3_gazebo/share/turtlebot3_gazebo//models/turtlebot3_world
[110.108s] -- Installing: /home/user/turtlebot3_ws/install/turtlebot3_gazebo/share/turtlebot3_gazebo//models/turtlebot3_world/model.sdf
[110.108s] -- Installing: /home/user/turtlebot3_ws/install/turtlebot3_gazebo/share/turtlebot3_gazebo//models/turtlebot3_world/meshes
[110.108s] -- Installing: /home/user/turtlebot3_ws/install/turtlebot3_gazebo/share/turtlebot3_gazebo//models/turtlebot3_world/meshes/wall.dae
[110.108s] -- Installing: /home/user/turtlebot3_ws/install/turtlebot3_gazebo/share/turtlebot3_gazebo//models/turtlebot3_world/meshes/hexagon.dae
[110.108s] -- Installing: /home/user/turtlebot3_ws/install/turtlebot3_gazebo/share/turtlebot3_gazebo//models/turtlebot3_world/model-1_4.sdf
[110.108s] -- Installing: /home/user/turtlebot3_ws/install/turtlebot3_gazebo/share/turtlebot3_gazebo//models/turtlebot3_world/model.config
[110.108s] -- Installing: /home/user/turtlebot3_ws/install/turtlebot3_gazebo/share/turtlebot3_gazebo//models/turtlebot3_waffle
[110.109s] -- Installing: /home/user/turtlebot3_ws/install/turtlebot3_gazebo/share/turtlebot3_gazebo//models/turtlebot3_waffle/model.sdf
[110.109s] -- Installing: /home/user/turtlebot3_ws/install/turtlebot3_gazebo/share/turtlebot3_gazebo//models/turtlebot3_waffle/model-1_4.sdf
[110.109s] -- Installing: /home/user/turtlebot3_ws/install/turtlebot3_gazebo/share/turtlebot3_gazebo//models/turtlebot3_waffle/model.config
[110.109s] -- Installing: /home/user/turtlebot3_ws/install/turtlebot3_gazebo/share/turtlebot3_gazebo//rviz
[110.109s] -- Installing: /home/user/turtlebot3_ws/install/turtlebot3_gazebo/share/turtlebot3_gazebo//rviz/tb3_gazebo.rviz
[110.109s] -- Installing: /home/user/turtlebot3_ws/install/turtlebot3_gazebo/share/turtlebot3_gazebo//urdf
[110.109s] -- Installing: /home/user/turtlebot3_ws/install/turtlebot3_gazebo/share/turtlebot3_gazebo//urdf/turtlebot3_waffle.urdf
[110.109s] -- Installing: /home/user/turtlebot3_ws/install/turtlebot3_gazebo/share/turtlebot3_gazebo//urdf/turtlebot3_waffle_pi.urdf
[110.110s] -- Installing: /home/user/turtlebot3_ws/install/turtlebot3_gazebo/share/turtlebot3_gazebo//urdf/common_properties.urdf
[110.110s] -- Installing: /home/user/turtlebot3_ws/install/turtlebot3_gazebo/share/turtlebot3_gazebo//urdf/turtlebot3_burger.urdf
[110.110s] -- Installing: /home/user/turtlebot3_ws/install/turtlebot3_gazebo/share/turtlebot3_gazebo//worlds
[110.110s] -- Installing: /home/user/turtlebot3_ws/install/turtlebot3_gazebo/share/turtlebot3_gazebo//worlds/turtlebot3_dqn_stage2.world
[110.110s] -- Installing: /home/user/turtlebot3_ws/install/turtlebot3_gazebo/share/turtlebot3_gazebo//worlds/turtlebot3_dqn_stage3.world
[110.110s] -- Installing: /home/user/turtlebot3_ws/install/turtlebot3_gazebo/share/turtlebot3_gazebo//worlds/turtlebot3_dqn_stage1.world
[110.110s] -- Installing: /home/user/turtlebot3_ws/install/turtlebot3_gazebo/share/turtlebot3_gazebo//worlds/turtlebot3_house.world
[110.110s] -- Installing: /home/user/turtlebot3_ws/install/turtlebot3_gazebo/share/turtlebot3_gazebo//worlds/turtlebot3_dqn_stage4.world
[110.111s] -- Installing: /home/user/turtlebot3_ws/install/turtlebot3_gazebo/share/turtlebot3_gazebo//worlds/turtlebot3_world.world
[110.111s] -- Installing: /home/user/turtlebot3_ws/install/turtlebot3_gazebo/share/turtlebot3_gazebo//worlds/empty_world.world
[110.111s] -- Installing: /home/user/turtlebot3_ws/install/turtlebot3_gazebo/include/
[110.111s] -- Installing: /home/user/turtlebot3_ws/install/turtlebot3_gazebo/include//turtlebot3_gazebo
[110.111s] -- Installing: /home/user/turtlebot3_ws/install/turtlebot3_gazebo/include//turtlebot3_gazebo/turtlebot3_drive.hpp
[110.111s] -- Installing: /home/user/turtlebot3_ws/install/turtlebot3_gazebo/share/ament_index/resource_index/package_run_dependencies/turtlebot3_gazebo
[110.115s] -- Installing: /home/user/turtlebot3_ws/install/turtlebot3_gazebo/share/ament_index/resource_index/parent_prefix_path/turtlebot3_gazebo
[110.117s] -- Installing: /home/user/turtlebot3_ws/install/turtlebot3_gazebo/share/turtlebot3_gazebo/environment/ament_prefix_path.sh
[110.118s] -- Installing: /home/user/turtlebot3_ws/install/turtlebot3_gazebo/share/turtlebot3_gazebo/environment/ament_prefix_path.dsv
[110.119s] -- Installing: /home/user/turtlebot3_ws/install/turtlebot3_gazebo/share/turtlebot3_gazebo/environment/path.sh
[110.119s] -- Installing: /home/user/turtlebot3_ws/install/turtlebot3_gazebo/share/turtlebot3_gazebo/environment/path.dsv
[110.120s] -- Installing: /home/user/turtlebot3_ws/install/turtlebot3_gazebo/share/turtlebot3_gazebo/local_setup.bash
[110.123s] -- Installing: /home/user/turtlebot3_ws/install/turtlebot3_gazebo/share/turtlebot3_gazebo/local_setup.sh
[110.124s] -- Installing: /home/user/turtlebot3_ws/install/turtlebot3_gazebo/share/turtlebot3_gazebo/local_setup.zsh
[110.125s] -- Installing: /home/user/turtlebot3_ws/install/turtlebot3_gazebo/share/turtlebot3_gazebo/local_setup.dsv
[110.125s] -- Installing: /home/user/turtlebot3_ws/install/turtlebot3_gazebo/share/turtlebot3_gazebo/package.dsv
[110.126s] -- Installing: /home/user/turtlebot3_ws/install/turtlebot3_gazebo/share/ament_index/resource_index/packages/turtlebot3_gazebo
[110.126s] -- Installing: /home/user/turtlebot3_ws/install/turtlebot3_gazebo/share/turtlebot3_gazebo/cmake/ament_cmake_export_include_directories-extras.cmake
[110.127s] -- Installing: /home/user/turtlebot3_ws/install/turtlebot3_gazebo/share/turtlebot3_gazebo/cmake/ament_cmake_export_dependencies-extras.cmake
[110.128s] -- Installing: /home/user/turtlebot3_ws/install/turtlebot3_gazebo/share/turtlebot3_gazebo/cmake/turtlebot3_gazeboConfig.cmake
[110.128s] -- Installing: /home/user/turtlebot3_ws/install/turtlebot3_gazebo/share/turtlebot3_gazebo/cmake/turtlebot3_gazeboConfig-version.cmake
[110.129s] -- Installing: /home/user/turtlebot3_ws/install/turtlebot3_gazebo/share/turtlebot3_gazebo/package.xml
[110.167s] Invoked command in '/home/user/turtlebot3_ws/build/turtlebot3_gazebo' returned '0': CMAKE_PREFIX_PATH=${CMAKE_PREFIX_PATH}:/home/simulations/ros2_sims_ws/install/rclrs_tests:/home/simulations/ros2_sims_ws/install/examples_rclrs_minimal_client_service:/home/simulations/ros2_sims_ws/install/sensor_msgs_py:/home/simulations/ros2_sims_ws/install/examples_rclrs_minimal_pub_sub:/home/simulations/ros2_sims_ws/install/examples_rclrs_message_demo:/home/simulations/ros2_sims_ws/install/rclrs:/home/simulations/ros2_sims_ws/install/rosidl_runtime_rs:/opt/ros/humble _=/usr/bin/env /usr/bin/cmake --install /home/user/turtlebot3_ws/build/turtlebot3_gazebo
