[0.133s] Invoking command in '/home/user/turtlebot3_ws/build/turtlebot3_description': CMAKE_PREFIX_PATH=${CMAKE_PREFIX_PATH}:/home/simulations/ros2_sims_ws/install/rclrs_tests:/home/simulations/ros2_sims_ws/install/examples_rclrs_minimal_client_service:/home/simulations/ros2_sims_ws/install/sensor_msgs_py:/home/simulations/ros2_sims_ws/install/examples_rclrs_minimal_pub_sub:/home/simulations/ros2_sims_ws/install/examples_rclrs_message_demo:/home/simulations/ros2_sims_ws/install/rclrs:/home/simulations/ros2_sims_ws/install/rosidl_runtime_rs:/opt/ros/humble _=/usr/bin/env /usr/bin/cmake /home/user/turtlebot3_ws/src/turtlebot3/turtlebot3_description -DCMAKE_INSTALL_PREFIX=/home/user/turtlebot3_ws/install/turtlebot3_description
[0.893s] -- The C compiler identification is GNU 11.3.0
[1.580s] -- The CXX compiler identification is GNU 11.3.0
[1.601s] -- Detecting C compiler ABI info
[1.964s] -- Detecting C compiler ABI info - done
[2.000s] -- Check for working C compiler: /usr/bin/cc - skipped
[2.001s] -- Detecting C compile features
[2.006s] -- Detecting C compile features - done
[2.016s] -- Detecting CXX compiler ABI info
[2.470s] -- Detecting CXX compiler ABI info - done
[2.510s] -- Check for working CXX compiler: /usr/bin/c++ - skipped
[2.510s] -- Detecting CXX compile features
[2.511s] -- Detecting CXX compile features - done
[2.574s] -- Found ament_cmake: 1.3.4 (/opt/ros/humble/share/ament_cmake/cmake)
[3.993s] -- Found Python3: /usr/bin/python3.10 (found version "3.10.6") found components: Interpreter 
[5.014s] -- Found urdf: 2.6.0 (/opt/ros/humble/share/urdf/cmake)
[5.981s] -- Configuring done
[5.984s] -- Generating done
[5.986s] -- Build files have been written to: /home/user/turtlebot3_ws/build/turtlebot3_description
[5.997s] Invoked command in '/home/user/turtlebot3_ws/build/turtlebot3_description' returned '0': CMAKE_PREFIX_PATH=${CMAKE_PREFIX_PATH}:/home/simulations/ros2_sims_ws/install/rclrs_tests:/home/simulations/ros2_sims_ws/install/examples_rclrs_minimal_client_service:/home/simulations/ros2_sims_ws/install/sensor_msgs_py:/home/simulations/ros2_sims_ws/install/examples_rclrs_minimal_pub_sub:/home/simulations/ros2_sims_ws/install/examples_rclrs_message_demo:/home/simulations/ros2_sims_ws/install/rclrs:/home/simulations/ros2_sims_ws/install/rosidl_runtime_rs:/opt/ros/humble _=/usr/bin/env /usr/bin/cmake /home/user/turtlebot3_ws/src/turtlebot3/turtlebot3_description -DCMAKE_INSTALL_PREFIX=/home/user/turtlebot3_ws/install/turtlebot3_description
[5.998s] Invoking command in '/home/user/turtlebot3_ws/build/turtlebot3_description': CMAKE_PREFIX_PATH=${CMAKE_PREFIX_PATH}:/home/simulations/ros2_sims_ws/install/rclrs_tests:/home/simulations/ros2_sims_ws/install/examples_rclrs_minimal_client_service:/home/simulations/ros2_sims_ws/install/sensor_msgs_py:/home/simulations/ros2_sims_ws/install/examples_rclrs_minimal_pub_sub:/home/simulations/ros2_sims_ws/install/examples_rclrs_message_demo:/home/simulations/ros2_sims_ws/install/rclrs:/home/simulations/ros2_sims_ws/install/rosidl_runtime_rs:/opt/ros/humble _=/usr/bin/env /usr/bin/cmake --build /home/user/turtlebot3_ws/build/turtlebot3_description -- -j8 -l8
[6.142s] Invoked command in '/home/user/turtlebot3_ws/build/turtlebot3_description' returned '0': CMAKE_PREFIX_PATH=${CMAKE_PREFIX_PATH}:/home/simulations/ros2_sims_ws/install/rclrs_tests:/home/simulations/ros2_sims_ws/install/examples_rclrs_minimal_client_service:/home/simulations/ros2_sims_ws/install/sensor_msgs_py:/home/simulations/ros2_sims_ws/install/examples_rclrs_minimal_pub_sub:/home/simulations/ros2_sims_ws/install/examples_rclrs_message_demo:/home/simulations/ros2_sims_ws/install/rclrs:/home/simulations/ros2_sims_ws/install/rosidl_runtime_rs:/opt/ros/humble _=/usr/bin/env /usr/bin/cmake --build /home/user/turtlebot3_ws/build/turtlebot3_description -- -j8 -l8
[6.260s] Invoking command in '/home/user/turtlebot3_ws/build/turtlebot3_description': CMAKE_PREFIX_PATH=${CMAKE_PREFIX_PATH}:/home/simulations/ros2_sims_ws/install/rclrs_tests:/home/simulations/ros2_sims_ws/install/examples_rclrs_minimal_client_service:/home/simulations/ros2_sims_ws/install/sensor_msgs_py:/home/simulations/ros2_sims_ws/install/examples_rclrs_minimal_pub_sub:/home/simulations/ros2_sims_ws/install/examples_rclrs_message_demo:/home/simulations/ros2_sims_ws/install/rclrs:/home/simulations/ros2_sims_ws/install/rosidl_runtime_rs:/opt/ros/humble _=/usr/bin/env /usr/bin/cmake --install /home/user/turtlebot3_ws/build/turtlebot3_description
[6.297s] -- Install configuration: ""
[6.298s] -- Installing: /home/user/turtlebot3_ws/install/turtlebot3_description/share/turtlebot3_description/meshes
[6.298s] -- Installing: /home/user/turtlebot3_ws/install/turtlebot3_description/share/turtlebot3_description/meshes/sensors
[6.298s] -- Installing: /home/user/turtlebot3_ws/install/turtlebot3_description/share/turtlebot3_description/meshes/sensors/r200.jpg
[6.298s] -- Installing: /home/user/turtlebot3_ws/install/turtlebot3_description/share/turtlebot3_description/meshes/sensors/r200.dae
[6.300s] -- Installing: /home/user/turtlebot3_ws/install/turtlebot3_description/share/turtlebot3_description/meshes/sensors/astra.jpg
[6.300s] -- Installing: /home/user/turtlebot3_ws/install/turtlebot3_description/share/turtlebot3_description/meshes/sensors/astra.dae
[6.324s] -- Installing: /home/user/turtlebot3_ws/install/turtlebot3_description/share/turtlebot3_description/meshes/sensors/lds.stl
[6.326s] -- Installing: /home/user/turtlebot3_ws/install/turtlebot3_description/share/turtlebot3_description/meshes/wheels
[6.326s] -- Installing: /home/user/turtlebot3_ws/install/turtlebot3_description/share/turtlebot3_description/meshes/wheels/right_tire.stl
[6.329s] -- Installing: /home/user/turtlebot3_ws/install/turtlebot3_description/share/turtlebot3_description/meshes/wheels/left_tire.stl
[6.331s] -- Installing: /home/user/turtlebot3_ws/install/turtlebot3_description/share/turtlebot3_description/meshes/bases
[6.331s] -- Installing: /home/user/turtlebot3_ws/install/turtlebot3_description/share/turtlebot3_description/meshes/bases/waffle_base.stl
[6.373s] -- Installing: /home/user/turtlebot3_ws/install/turtlebot3_description/share/turtlebot3_description/meshes/bases/burger_base.stl
[6.379s] -- Installing: /home/user/turtlebot3_ws/install/turtlebot3_description/share/turtlebot3_description/meshes/bases/waffle_pi_base.stl
[6.396s] -- Installing: /home/user/turtlebot3_ws/install/turtlebot3_description/share/turtlebot3_description/rviz
[6.396s] -- Installing: /home/user/turtlebot3_ws/install/turtlebot3_description/share/turtlebot3_description/rviz/model.rviz
[6.397s] -- Installing: /home/user/turtlebot3_ws/install/turtlebot3_description/share/turtlebot3_description/urdf
[6.397s] -- Installing: /home/user/turtlebot3_ws/install/turtlebot3_description/share/turtlebot3_description/urdf/turtlebot3_waffle.urdf
[6.397s] -- Installing: /home/user/turtlebot3_ws/install/turtlebot3_description/share/turtlebot3_description/urdf/turtlebot3_waffle_pi.urdf
[6.397s] -- Installing: /home/user/turtlebot3_ws/install/turtlebot3_description/share/turtlebot3_description/urdf/common_properties.urdf
[6.397s] -- Installing: /home/user/turtlebot3_ws/install/turtlebot3_description/share/turtlebot3_description/urdf/turtlebot3_burger.urdf
[6.397s] -- Installing: /home/user/turtlebot3_ws/install/turtlebot3_description/share/ament_index/resource_index/package_run_dependencies/turtlebot3_description
[6.398s] -- Installing: /home/user/turtlebot3_ws/install/turtlebot3_description/share/ament_index/resource_index/parent_prefix_path/turtlebot3_description
[6.398s] -- Installing: /home/user/turtlebot3_ws/install/turtlebot3_description/share/turtlebot3_description/environment/ament_prefix_path.sh
[6.399s] -- Installing: /home/user/turtlebot3_ws/install/turtlebot3_description/share/turtlebot3_description/environment/ament_prefix_path.dsv
[6.399s] -- Installing: /home/user/turtlebot3_ws/install/turtlebot3_description/share/turtlebot3_description/environment/path.sh
[6.399s] -- Installing: /home/user/turtlebot3_ws/install/turtlebot3_description/share/turtlebot3_description/environment/path.dsv
[6.399s] -- Installing: /home/user/turtlebot3_ws/install/turtlebot3_description/share/turtlebot3_description/local_setup.bash
[6.400s] -- Installing: /home/user/turtlebot3_ws/install/turtlebot3_description/share/turtlebot3_description/local_setup.sh
[6.400s] -- Installing: /home/user/turtlebot3_ws/install/turtlebot3_description/share/turtlebot3_description/local_setup.zsh
[6.413s] -- Installing: /home/user/turtlebot3_ws/install/turtlebot3_description/share/turtlebot3_description/local_setup.dsv
[6.413s] -- Installing: /home/user/turtlebot3_ws/install/turtlebot3_description/share/turtlebot3_description/package.dsv
[6.414s] -- Installing: /home/user/turtlebot3_ws/install/turtlebot3_description/share/ament_index/resource_index/packages/turtlebot3_description
[6.414s] -- Installing: /home/user/turtlebot3_ws/install/turtlebot3_description/share/turtlebot3_description/cmake/turtlebot3_descriptionConfig.cmake
[6.414s] -- Installing: /home/user/turtlebot3_ws/install/turtlebot3_description/share/turtlebot3_description/cmake/turtlebot3_descriptionConfig-version.cmake
[6.414s] -- Installing: /home/user/turtlebot3_ws/install/turtlebot3_description/share/turtlebot3_description/package.xml
[6.414s] Invoked command in '/home/user/turtlebot3_ws/build/turtlebot3_description' returned '0': CMAKE_PREFIX_PATH=${CMAKE_PREFIX_PATH}:/home/simulations/ros2_sims_ws/install/rclrs_tests:/home/simulations/ros2_sims_ws/install/examples_rclrs_minimal_client_service:/home/simulations/ros2_sims_ws/install/sensor_msgs_py:/home/simulations/ros2_sims_ws/install/examples_rclrs_minimal_pub_sub:/home/simulations/ros2_sims_ws/install/examples_rclrs_message_demo:/home/simulations/ros2_sims_ws/install/rclrs:/home/simulations/ros2_sims_ws/install/rosidl_runtime_rs:/opt/ros/humble _=/usr/bin/env /usr/bin/cmake --install /home/user/turtlebot3_ws/build/turtlebot3_description
